d:\simufsa\bm23dtile\x64\debug\bm23dtile.lib
d:\simufsa\bm23dtile\x64\debug\bm23dtile.exp
d:\simufsa\bm23dtile\bm23dtile\x64\debug\vc120.pdb
d:\simufsa\bm23dtile\bm23dtile\x64\debug\vc120.idb
d:\simufsa\bm23dtile\bm23dtile\x64\debug\gltfimage.obj
d:\simufsa\bm23dtile\bm23dtile\x64\debug\gltfmaterial.obj
d:\simufsa\bm23dtile\bm23dtile\x64\debug\gltfmesh.obj
d:\simufsa\bm23dtile\bm23dtile\x64\debug\gltfnode.obj
d:\simufsa\bm23dtile\bm23dtile\x64\debug\gltfobject.obj
d:\simufsa\bm23dtile\bm23dtile\x64\debug\gltfprimitive.obj
d:\simufsa\bm23dtile\bm23dtile\x64\debug\gltfprogram.obj
d:\simufsa\bm23dtile\bm23dtile\x64\debug\gltfsampler.obj
d:\simufsa\bm23dtile\bm23dtile\x64\debug\gltfscene.obj
d:\simufsa\bm23dtile\bm23dtile\x64\debug\gltfshader.obj
d:\simufsa\bm23dtile\bm23dtile\x64\debug\gltfskin.obj
d:\simufsa\bm23dtile\bm23dtile\x64\debug\gltftechnique.obj
d:\simufsa\bm23dtile\bm23dtile\x64\debug\gltftexture.obj
d:\simufsa\bm23dtile\bm23dtile\x64\debug\lodbmconvert.obj
d:\simufsa\bm23dtile\bm23dtile\x64\debug\lodbmquadtreenode.obj
d:\simufsa\bm23dtile\bm23dtile\x64\debug\obj23dtile.obj
d:\simufsa\bm23dtile\bm23dtile\x64\debug\writeshp.obj
d:\simufsa\bm23dtile\bm23dtile\x64\debug\terrain.obj
d:\simufsa\bm23dtile\bm23dtile\x64\debug\extracthsffromb3d.obj
d:\simufsa\bm23dtile\bm23dtile\x64\debug\main.obj
d:\simufsa\bm23dtile\bm23dtile\x64\debug\parser.obj
d:\simufsa\bm23dtile\bm23dtile\x64\debug\typedoption.obj
d:\simufsa\bm23dtile\bm23dtile\x64\debug\base64.obj
d:\simufsa\bm23dtile\bm23dtile\x64\debug\bmconvert.obj
d:\simufsa\bm23dtile\bm23dtile\x64\debug\bmquadtreenode.obj
d:\simufsa\bm23dtile\bm23dtile\x64\debug\sqlitehelper.obj
d:\simufsa\bm23dtile\bm23dtile\x64\debug\tessellationcylinder.obj
d:\simufsa\bm23dtile\bm23dtile\x64\debug\gltfaccessor.obj
d:\simufsa\bm23dtile\bm23dtile\x64\debug\gltfanimation.obj
d:\simufsa\bm23dtile\bm23dtile\x64\debug\gltfasset.obj
d:\simufsa\bm23dtile\bm23dtile\x64\debug\gltfbuffer.obj
d:\simufsa\bm23dtile\bm23dtile\x64\debug\gltfbufferview.obj
d:\simufsa\bm23dtile\bm23dtile\x64\debug\gltfcamera.obj
d:\simufsa\bm23dtile\bm23dtile\x64\debug\objquadtreenode.obj
d:\simufsa\bm23dtile\x64\debug\bm23dtile.pdb
d:\simufsa\bm23dtile\bm23dtile\x64\debug\bm23dtile.tlog\bm23dtile.write.1u.tlog
d:\simufsa\bm23dtile\bm23dtile\x64\debug\bm23dtile.tlog\cl.command.1.tlog
d:\simufsa\bm23dtile\bm23dtile\x64\debug\bm23dtile.tlog\cl.read.1.tlog
d:\simufsa\bm23dtile\bm23dtile\x64\debug\bm23dtile.tlog\cl.write.1.tlog
d:\simufsa\bm23dtile\bm23dtile\x64\debug\bm23dtile.tlog\link.command.1.tlog
d:\simufsa\bm23dtile\bm23dtile\x64\debug\bm23dtile.tlog\link.read.1.tlog
d:\simufsa\bm23dtile\bm23dtile\x64\debug\bm23dtile.tlog\link.write.1.tlog
